<?xml version="1.0" encoding="UTF-8"?>
<!-- Generated by org.testng.reporters.JUnitReportReporter -->
<testsuite hostname="Sachin" failures="0" tests="1" name="pomTest.homePageTest" time="0.016" errors="0" timestamp="24 Mar 2024 06:21:21 GMT" skipped="0">
  <testcase classname="pomTest.homePageTest" name="homePageTest1" time="0.016"/>
</testsuite> <!-- pomTest.homePageTest -->
